********************************************************************************
DUPLICATOR-LITE PACKAGE-LOG: June 6, 2024 10:49 pm
NOTICE: Do NOT post to public sites or forums 
********************************************************************************
VERSION:	1.5.9
WORDPRESS:	6.5.4
PHP INFO:	8.2.12 | SAPI: apache2handler
SERVER:		Apache/2.4.58 (Win64) OpenSSL/3.1.3 PHP/8.2.12 
PHP TIME LIMIT: (0) no time limit imposed 
PHP MAX MEMORY: 4294967296 (512M default) 
MEMORY STACK: 52MB
[CTRL DUP ARCIVE] PACKAGE AS NEW ID 1 SAVED | STATUS:0
[DUP ARCHIVE] BUILDING DATABASE

********************************************************************************
DATABASE:
********************************************************************************
BUILD MODE:   MYSQLDUMP
MYSQLTIMEOUT: 5000
MYSQLDUMP:    Is Supported
SQL CREATED: 20240606_realmadrid_251189a77cf489761551_20240606224848_database.sql
SQL FILE SIZE: 4.58MB (4798072)
SQL FILE TIME: 2024-06-06 22:49:28
SQL RUNTIME: 14.47 sec.
[DUP ARCHIVE] VALIDATING DATABASE
[DUP ARCHIVE] DONE DATABASE

********************************************************************************
ARCHIVE Type=DUP Mode=DupArchive
********************************************************************************
ARCHIVE DIR:  D:/xampp/htdocs/aleksa
ARCHIVE FILE: 20240606_realmadrid_251189a77cf489761551_20240606224848_archive.daf
FILTERS: *OFF*
DIRS:
	not set
FILES:
	not set
EXTS:  not set
----------------------------------------
COMPRESSING
SIZE:	141.24MB
STATS:	Dirs 981 | Files 6,895 | Total 7,876
[DUP ARCHIVE] DONE ARCHIVE
[DUP ARCHIVE] DONE ARCHIVE
[DUP ARCHIVE] DONE ARCHIVE
[DUP ARCHIVE] DONE ARCHIVE
building installer
[DUP ARCHIVE] DONE ARCHIVE
COMPRESSED SIZE: 62.28MB
ARCHIVE RUNTIME: 56.94 sec.
MEMORY STACK: 54MB
CREATE WARNINGS: No warnings.
VALIDATION WARNINGS: No warnings.
[DUP ARCHIVE] DONE ARCHIVE
[DUP ARCHIVE] HAS COMPLETED CLOSING
[DUP ARCHIVE] DUP ARCHIVE INTEGRITY CHECK

********************************************************************************
INTEGRITY CHECKS:
********************************************************************************
SQL FILE: 4.58MB
INSTALLER FILE: 94.81KB
ARCHIVE FILE: 62.28MB 
EXPECTED FILE/DIRECTORY COUNT: 8,615
ACTUAL FILE/DIRECTORY COUNT: 8,616

********************************************************************************
RECORD ID:[1]
TOTAL PROCESS RUNTIME: 57.02 sec.
PEAK PHP MEMORY USED: 54MB
DONE PROCESSING => 20240606_realmadrid 2024-06-06 22:50:10

